<?xml version="1.0" encoding="UTF-8"?>
<!-- Generated by org.testng.reporters.JUnitReportReporter -->
<testsuite hostname="DESKTOP-3NMPPQ6" failures="0" tests="1" name="tests.LoginPage" time="3.255" errors="0" timestamp="2023-12-28T11:52:26 GMT-08:00" skipped="0">
  <testcase classname="tests.LoginPage" name="login" time="3.255"/>
</testsuite> <!-- tests.LoginPage -->
