<?xml version="1.0" encoding="UTF-8"?>
<!-- Generated by org.testng.reporters.JUnitReportReporter -->
<testsuite hostname="DESKTOP-3NMPPQ6" failures="0" tests="1" name="tests.LoginTest" time="6.530" errors="0" timestamp="2023-12-28T22:35:35 GMT-08:00" skipped="0">
  <testcase classname="tests.LoginTest" name="login" time="6.530"/>
</testsuite> <!-- tests.LoginTest -->
